LMOD_FAMILY_COMPILER_VERSION=6.4.0
OMPI_MCA_dfs=^app,orted,test
OMPI_MCA_bml=^r2
MANPATH=/sw/summit/python/3.6/anaconda3/5.3.0/share/man:/autofs/nccs-svm1_sw/summit/.swci/1-compute/opt/spack/20180914/linux-rhel7-ppc64le/gcc-6.4.0/spectrum-mpi-10.3.1.2-20200121-awz2q5brde7wgdqqw4ugalrkukeub4eb/share/man:/sw/summit/gcc/6.4.0/share/man:/sw/sources/hpss/man:/sw/summit/lmod/8.2.10/share/man:/opt/ibm/spectrumcomputing/lsf/10.1.0.9/man::/opt/puppetlabs/puppet/share/man
PMIX_NAMESPACE=2
OMPI_COMM_WORLD_RANK=0
XALT_ETC_DIR=/sw/summit/xalt/1.2.0/etc
LSB_EXEC_CLUSTER=summit
XDG_SESSION_ID=6917
_ModuleTable003_=ZS9saW51eC1yaGVsNy1wcGM2NGxlL0NvcmUvaHNpLzUuMC4yLnA1Lmx1YSIsWyJmdWxsTmFtZSJdPSJoc2kvNS4wLjIucDUiLFsibG9hZE9yZGVyIl09MSxwcm9wVD17fSxbInN0YWNrRGVwdGgiXT0xLFsic3RhdHVzIl09ImFjdGl2ZSIsWyJ1c2VyTmFtZSJdPSJoc2kiLH0sWyJsc2YtdG9vbHMiXT17WyJmbiJdPSIvc3cvc3VtbWl0L21vZHVsZWZpbGVzL3NpdGUvbGludXgtcmhlbDctcHBjNjRsZS9Db3JlL2xzZi10b29scy8yLjAubHVhIixbImZ1bGxOYW1lIl09ImxzZi10b29scy8yLjAiLFsibG9hZE9yZGVyIl09Myxwcm9wVD17fSxbInN0YWNrRGVwdGgiXT0xLFsic3RhdHVzIl09ImFjdGl2ZSIsWyJ1c2VyTmFtZSJdPSJsc2YtdG9vbHMiLH0scHl0aG9uPXtbImZuIl09
OMPI_MCA_btl_openib_allow_ib=true
LSB_EFFECTIVE_RSRCREQ=1*{select[((LN) && (type == any))] order[r15s:pg] span[hosts=1] cu[type=rack:pref=config]}+42*{select[((CN) && (type == any))] order[r15s:pg] span[ptile=42] cu[type=rack:pref=config]}
OMPI_MCA_osc=pami
LSF_LOGDIR=/var/log/lsf
LSF_LIM_API_NTRIES=1
OMPI_MCA_pmix=ext3x
__LMOD_REF_COUNT_MODULEPATH=/autofs/nccs-svm1_sw/summit/modulefiles/site/linux-rhel7-ppc64le/spectrum-mpi/10.3.1.2-20200121-awz2q5b/gcc/6.4.0:1;/sw/summit/modulefiles/site/linux-rhel7-ppc64le/gcc/6.4.0:1;/sw/summit/modulefiles/site/linux-rhel7-ppc64le/Core:1;/sw/summit/modulefiles/core:1
TERM=xterm-256color
LSB_BATCH_JID=131813
SHELL=/bin/bash
HISTSIZE=1000
LMOD_ROOT=/sw/summit/lmod
MODULEPATH_ROOT=/sw/summit/modulefiles
LMOD_SYSTEM_DEFAULT_MODULES=DefApps
TMPDIR=/tmp
SSH_CLIENT=99.148.134.26 53507 22
OMPI_MCA_coll_hcoll_enable=0
LIBRARY_PATH=/autofs/nccs-svm1_sw/summit/.swci/1-compute/opt/spack/20180914/linux-rhel7-ppc64le/gcc-6.4.0/spectrum-mpi-10.3.1.2-20200121-awz2q5brde7wgdqqw4ugalrkukeub4eb/lib
LSB_TRAPSIGS=trap # 15 10 12 2 1
LS_EXECCWD=/gpfs/alpine/proj-shared/csc143/USER/scratch
LD_PRELOAD=/autofs/nccs-svm1_sw/summit/.swci/1-compute/opt/spack/20180914/linux-rhel7-ppc64le/gcc-6.4.0/spectrum-mpi-10.3.1.2-20200121-awz2q5brde7wgdqqw4ugalrkukeub4eb/container/../lib/libpami_cudahook.so
OMPI_MCA_schizo_ompi_prepend_ld_library_path=pami_port:/autofs/nccs-svm1_sw/summit/.swci/1-compute/opt/spack/20180914/linux-rhel7-ppc64le/gcc-6.4.0/spectrum-mpi-10.3.1.2-20200121-awz2q5brde7wgdqqw4ugalrkukeub4eb/container/../lib:/autofs/nccs-svm1_sw/summit/.swci/1-compute/opt/spack/20180914/linux-rhel7-ppc64le/gcc-6.4.0/spectrum-mpi-10.3.1.2-20200121-awz2q5brde7wgdqqw4ugalrkukeub4eb/container/../lib/pami_port
OMPI_MCA_spml_ucx_priority=80
PAMI_IBV_ADAPTER_AFFINITY=1
LS_JOBPID=3697
PMIX_RANK=0
JSM_SMPI_SHARP_ID=1505558530
LMOD_PKG=/sw/summit/lmod/8.2.10
LSB_MAX_NUM_PROCESSORS=43
LSB_JOBRES_CALLBACK=59503@batch3
JSM_JSRUN_PORT=/tmp/jsm.h31n11.11906/1137085/JSM_rm_port_11906_1137085:2
JSM_ENABLE_CGROUP=1
PAMI_ENABLE_STRIPING=0
LSF_SERVERDIR=/opt/ibm/spectrumcomputing/lsf/10.1.0.9/linux3.10-glibc2.17-ppc64le-csm/etc
LSB_JOBID=131813
LSB_JOB_EXECUSER=USER
OMPI_MCA_routed=^direct,radix,debruijn,binomial
OMPI_MCA_atomic_ucx_priority=80
OMPI_MCA_backtrace_lwcore_enable=0
OMPI_FC=gfortran
LMOD_VERSION=8.2.10
LSB_JOBRES_PID=3697
OMPI_COMM_WORLD_LOCAL_RANK=0
OMPI_LD_PRELOAD_POSTPEND_DISTRO=/autofs/nccs-svm1_sw/summit/.swci/1-compute/opt/spack/20180914/linux-rhel7-ppc64le/gcc-6.4.0/spectrum-mpi-10.3.1.2-20200121-awz2q5brde7wgdqqw4ugalrkukeub4eb/container/../lib/libpami_cudahook.so
OMPI_MCA_mca_base_component_show_load_errors=0
SSH_TTY=/dev/pts/123
LSB_JOBNAME=Not_Specified
OMPI_MCA_pml=pami
_ModuleTable007_=cmUiLH0sWyJzeXN0ZW1CYXNlTVBBVEgiXT0iL3N3L3N1bW1pdC9tb2R1bGVmaWxlcy9zaXRlL2xpbnV4LXJoZWw3LXBwYzY0bGUvQ29yZTovc3cvc3VtbWl0L21vZHVsZWZpbGVzL2NvcmUiLH0=
__LMOD_REF_COUNT_CMAKE_PREFIX_PATH=/autofs/nccs-svm1_sw/summit/.swci/1-compute/opt/spack/20180914/linux-rhel7-ppc64le/gcc-6.4.0/spectrum-mpi-10.3.1.2-20200121-awz2q5brde7wgdqqw4ugalrkukeub4eb:1;/autofs/nccs-svm1_sw/summit/.swci/0-core/opt/spack/20180914/linux-rhel7-ppc64le/gcc-4.8.5/cmake-3.15.2-xit2o3iepxvqbyku77lwcugufilztu7t:1
__LMOD_REF_COUNT_LOADEDMODULES=hsi/5.0.2.p5:1;xalt/1.2.0:1;lsf-tools/2.0:1;DefApps:1;gcc/6.4.0:1;cmake/3.15.2:1;spectrum-mpi/10.3.1.2-20200121:1;python/3.6.6-anaconda3-5.3.0:1
BSUB_BLOCK_EXEC_HOST=
LC_ALL=
UCX_MEM_MMAP_HOOK_MODE=none
PYTHONUSERBASE=.local/summit/anaconda3/5.3.0/3.6
LSF_LIBDIR=/opt/ibm/spectrumcomputing/lsf/10.1.0.9/linux3.10-glibc2.17-ppc64le-csm/lib
OMPI_MCA_opal_pmix_base_collect_data=f
OPAL_PREFIX=/autofs/nccs-svm1_sw/summit/.swci/1-compute/opt/spack/20180914/linux-rhel7-ppc64le/gcc-6.4.0/spectrum-mpi-10.3.1.2-20200121-awz2q5brde7wgdqqw4ugalrkukeub4eb/container/..
LSB_PROJECT_NAME=CSC143
PMIX_INSTALL_PREFIX=/autofs/nccs-svm1_sw/summit/.swci/1-compute/opt/spack/20180914/linux-rhel7-ppc64le/gcc-6.4.0/spectrum-mpi-10.3.1.2-20200121-awz2q5brde7wgdqqw4ugalrkukeub4eb/container/..
USER=USER
OMPI_MCA_schizo=jsm
LS_COLORS=rs=0:di=38;5;27:ln=38;5;51:mh=44;38;5;15:pi=40;38;5;11:so=38;5;13:do=38;5;5:bd=48;5;232;38;5;11:cd=48;5;232;38;5;3:or=48;5;232;38;5;9:mi=05;48;5;232;38;5;15:su=48;5;196;38;5;15:sg=48;5;11;38;5;16:ca=48;5;196;38;5;226:tw=48;5;10;38;5;16:ow=48;5;10;38;5;21:st=48;5;21;38;5;15:ex=38;5;34:*.tar=38;5;9:*.tgz=38;5;9:*.arc=38;5;9:*.arj=38;5;9:*.taz=38;5;9:*.lha=38;5;9:*.lz4=38;5;9:*.lzh=38;5;9:*.lzma=38;5;9:*.tlz=38;5;9:*.txz=38;5;9:*.tzo=38;5;9:*.t7z=38;5;9:*.zip=38;5;9:*.z=38;5;9:*.Z=38;5;9:*.dz=38;5;9:*.gz=38;5;9:*.lrz=38;5;9:*.lz=38;5;9:*.lzo=38;5;9:*.xz=38;5;9:*.bz2=38;5;9:*.bz=38;5;9:*.tbz=38;5;9:*.tbz2=38;5;9:*.tz=38;5;9:*.deb=38;5;9:*.rpm=38;5;9:*.jar=38;5;9:*.war=38;5;9:*.ear=38;5;9:*.sar=38;5;9:*.rar=38;5;9:*.alz=38;5;9:*.ace=38;5;9:*.zoo=38;5;9:*.cpio=38;5;9:*.7z=38;5;9:*.rz=38;5;9:*.cab=38;5;9:*.jpg=38;5;13:*.jpeg=38;5;13:*.gif=38;5;13:*.bmp=38;5;13:*.pbm=38;5;13:*.pgm=38;5;13:*.ppm=38;5;13:*.tga=38;5;13:*.xbm=38;5;13:*.xpm=38;5;13:*.tif=38;5;13:*.tiff=38;5;13:*.png=38;5;13:*.svg=38;5;13:*.svgz=38;5;13:*.mng=38;5;13:*.pcx=38;5;13:*.mov=38;5;13:*.mpg=38;5;13:*.mpeg=38;5;13:*.m2v=38;5;13:*.mkv=38;5;13:*.webm=38;5;13:*.ogm=38;5;13:*.mp4=38;5;13:*.m4v=38;5;13:*.mp4v=38;5;13:*.vob=38;5;13:*.qt=38;5;13:*.nuv=38;5;13:*.wmv=38;5;13:*.asf=38;5;13:*.rm=38;5;13:*.rmvb=38;5;13:*.flc=38;5;13:*.avi=38;5;13:*.fli=38;5;13:*.flv=38;5;13:*.gl=38;5;13:*.dl=38;5;13:*.xcf=38;5;13:*.xwd=38;5;13:*.yuv=38;5;13:*.cgm=38;5;13:*.emf=38;5;13:*.axv=38;5;13:*.anx=38;5;13:*.ogv=38;5;13:*.ogx=38;5;13:*.aac=38;5;45:*.au=38;5;45:*.flac=38;5;45:*.mid=38;5;45:*.midi=38;5;45:*.mka=38;5;45:*.mp3=38;5;45:*.mpc=38;5;45:*.ogg=38;5;45:*.ra=38;5;45:*.wav=38;5;45:*.axa=38;5;45:*.oga=38;5;45:*.spx=38;5;45:*.xspf=38;5;45:
LMOD_sys=Linux
JSM_BATCH_SESSION_DIR=/tmp/jsm.h31n11.11906/1137085
LD_LIBRARY_PATH=/autofs/nccs-svm1_sw/summit/.swci/1-compute/opt/spack/20180914/linux-rhel7-ppc64le/gcc-6.4.0/spectrum-mpi-10.3.1.2-20200121-awz2q5brde7wgdqqw4ugalrkukeub4eb/container/../lib/pami_port:/autofs/nccs-svm1_sw/summit/.swci/1-compute/opt/spack/20180914/linux-rhel7-ppc64le/gcc-6.4.0/spectrum-mpi-10.3.1.2-20200121-awz2q5brde7wgdqqw4ugalrkukeub4eb/container/../lib:/autofs/nccs-svm1_sw/summit/.swci/1-compute/opt/spack/20180914/linux-rhel7-ppc64le/gcc-6.4.0/spectrum-mpi-10.3.1.2-20200121-awz2q5brde7wgdqqw4ugalrkukeub4eb/container/../lib/pami_port:pami_port:/autofs/nccs-svm1_sw/summit/.swci/1-compute/opt/spack/20180914/linux-rhel7-ppc64le/gcc-6.4.0/spectrum-mpi-10.3.1.2-20200121-awz2q5brde7wgdqqw4ugalrkukeub4eb/container/../lib:/autofs/nccs-svm1_sw/summit/.swci/1-compute/opt/spack/20180914/linux-rhel7-ppc64le/gcc-6.4.0/spectrum-mpi-10.3.1.2-20200121-awz2q5brde7wgdqqw4ugalrkukeub4eb/container/../lib/pami_port:/opt/ibm/spectrum_mpi/jsm_pmix/lib/:/opt/ibm/spectrum_mpi/jsm_pmix/../lib/:/autofs/nccs-svm1_sw/summit/.swci/1-compute/opt/spack/20180914/linux-rhel7-ppc64le/gcc-6.4.0/spectrum-mpi-10.3.1.2-20200121-awz2q5brde7wgdqqw4ugalrkukeub4eb/lib:/opt/ibm/csm/lib/:/autofs/nccs-svm1_sw/summit/.swci/1-compute/opt/spack/20180914/linux-rhel7-ppc64le/gcc-6.4.0/spectrum-mpi-10.3.1.2-20200121-awz2q5brde7wgdqqw4ugalrkukeub4eb/lib:/sw/summit/gcc/6.4.0/lib64:/opt/ibm/spectrumcomputing/lsf/10.1.0.9/linux3.10-glibc2.17-ppc64le-csm/lib
JSM_NAMESPACE_RANK=0
SBD_KRB5CCNAME_VAL=
PAMI_IBV_ENABLE_OOO_AR=1
HCOLL_EXTERNAL_UCM_EVENTS=1
LSB_EEXEC_REAL_UID=
OMPI_MCA_errmgr=default_app
LMOD_MPI_NAME=spectrum-mpi
JSM_NAMESPACE_SIZE=1
CPATH=/autofs/nccs-svm1_sw/summit/.swci/1-compute/opt/spack/20180914/linux-rhel7-ppc64le/gcc-6.4.0/spectrum-mpi-10.3.1.2-20200121-awz2q5brde7wgdqqw4ugalrkukeub4eb/include
_ModuleTable004_=Ii9zdy9zdW1taXQvbW9kdWxlZmlsZXMvY29yZS9weXRob24vMy42LjYtYW5hY29uZGEzLTUuMy4wLmx1YSIsWyJmdWxsTmFtZSJdPSJweXRob24vMy42LjYtYW5hY29uZGEzLTUuMy4wIixbImxvYWRPcmRlciJdPTgscHJvcFQ9e30sWyJzdGFja0RlcHRoIl09MCxbInN0YXR1cyJdPSJhY3RpdmUiLFsidXNlck5hbWUiXT0icHl0aG9uIix9LFsic3BlY3RydW0tbXBpIl09e1siZm4iXT0iL3N3L3N1bW1pdC9tb2R1bGVmaWxlcy9zaXRlL2xpbnV4LXJoZWw3LXBwYzY0bGUvZ2NjLzYuNC4wL3NwZWN0cnVtLW1waS8xMC4zLjEuMi0yMDIwMDEyMS5sdWEiLFsiZnVsbE5hbWUiXT0ic3BlY3RydW0tbXBpLzEwLjMuMS4yLTIwMjAwMTIxIixbImxvYWRPcmRlciJdPTcscHJvcFQ9e30s
HOSTTYPE=LINUXPPC64LE
CODAR_PROJHOME=/ccs/proj/csc299
OMPI_MCA_atomic=ucx
__LMOD_REF_COUNT__LMFILES_=/sw/summit/modulefiles/site/linux-rhel7-ppc64le/Core/hsi/5.0.2.p5.lua:1;/sw/summit/modulefiles/site/linux-rhel7-ppc64le/Core/xalt/1.2.0.lua:1;/sw/summit/modulefiles/site/linux-rhel7-ppc64le/Core/lsf-tools/2.0.lua:1;/sw/summit/modulefiles/site/linux-rhel7-ppc64le/Core/DefApps.lua:1;/sw/summit/modulefiles/site/linux-rhel7-ppc64le/Core/gcc/6.4.0.lua:1;/sw/summit/modulefiles/site/linux-rhel7-ppc64le/gcc/6.4.0/cmake/3.15.2.lua:1;/sw/summit/modulefiles/site/linux-rhel7-ppc64le/gcc/6.4.0/spectrum-mpi/10.3.1.2-20200121.lua:1;/sw/summit/modulefiles/core/python/3.6.6-anaconda3-5.3.0.lua:1
LSF_INVOKE_CMD=bsub
29726-CPU_ASSIGNMENTS=0
OMPI_MCA_oob=^ud
OLCF_LMOD_ROOT=/sw/summit
LS_EXEC_T=START
OMPI_MCA_orte_externally_bound=1
OLCF_FAMILY_MPI_VERSION=10.3.1.2-20200121
PMIX_PTL_MODULE=tcp
PROJWORK=/gpfs/alpine/proj-shared
LSF_VERSION=34
LS_SUBCWD=/gpfs/alpine/proj-shared/csc143/USER/scratch
LSB_SUB_RES_REQ=1*{select[LN]span[hosts=1]} + 42*{select[CN]span[ptile=42]}
LSB_UNIXGROUP_INT=USER
LMOD_FAMILY_MPI_VERSION=10.3.1.2-20200121
LSB_HOSTS=batch3 h31n11 h31n11 h31n11 h31n11 h31n11 h31n11 h31n11 h31n11 h31n11 h31n11 h31n11 h31n11 h31n11 h31n11 h31n11 h31n11 h31n11 h31n11 h31n11 h31n11 h31n11 h31n11 h31n11 h31n11 h31n11 h31n11 h31n11 h31n11 h31n11 h31n11 h31n11 h31n11 h31n11 h31n11 h31n11 h31n11 h31n11 h31n11 h31n11 h31n11 h31n11 h31n11
PMIX_SERVER_URI21=pmix-server.29652;tcp4://127.0.0.1:42077
IBV_FORK_SAFE=1
OLCF_FAMILY_MPI=spectrum-mpi
LSB_JOBFILENAME=/ccs/home/USER/.lsbatch/1591048746.131813
OLCF_CMAKE_ROOT=/autofs/nccs-svm1_sw/summit/.swci/0-core/opt/spack/20180914/linux-rhel7-ppc64le/gcc-4.8.5/cmake-3.15.2-xit2o3iepxvqbyku77lwcugufilztu7t
_ModuleTable001_=X01vZHVsZVRhYmxlXz17WyJNVHZlcnNpb24iXT0zLFsiY19yZWJ1aWxkVGltZSJdPWZhbHNlLFsiY19zaG9ydFRpbWUiXT1mYWxzZSxkZXB0aFQ9e30sZmFtaWx5PXtbImNvbXBpbGVyIl09ImdjYyIsWyJtcGkiXT0ic3BlY3RydW0tbXBpIix9LG1UPXtEZWZBcHBzPXtbImZuIl09Ii9zdy9zdW1taXQvbW9kdWxlZmlsZXMvc2l0ZS9saW51eC1yaGVsNy1wcGM2NGxlL0NvcmUvRGVmQXBwcy5sdWEiLFsiZnVsbE5hbWUiXT0iRGVmQXBwcyIsWyJsb2FkT3JkZXIiXT00LHByb3BUPXt9LFsic3RhY2tEZXB0aCJdPTAsWyJzdGF0dXMiXT0iYWN0aXZlIixbInVzZXJOYW1lIl09IkRlZkFwcHMiLH0sY21ha2U9e1siZm4iXT0iL3N3L3N1bW1pdC9tb2R1bGVmaWxlcy9zaXRlL2xpbnV4
LSB_JOBINDEX=0
PATH=/sw/sources/lsf-tools/2.0/summit/bin:/sw/summit/xalt/1.2.0/bin:/sw/summit/python/3.6/anaconda3/5.3.0/bin:/autofs/nccs-svm1_sw/summit/.swci/1-compute/opt/spack/20180914/linux-rhel7-ppc64le/gcc-6.4.0/spectrum-mpi-10.3.1.2-20200121-awz2q5brde7wgdqqw4ugalrkukeub4eb/bin:/autofs/nccs-svm1_sw/summit/.swci/0-core/opt/spack/20180914/linux-rhel7-ppc64le/gcc-4.8.5/cmake-3.15.2-xit2o3iepxvqbyku77lwcugufilztu7t/bin:/sw/summit/gcc/6.4.0/bin:/ccs/proj/csc299/USER/spack/bin:/ccs/home/USER/opt/git-lfs:/ccs/home/USER/bin:/opt/ibm/spectrumcomputing/lsf/10.1.0.9/linux3.10-glibc2.17-ppc64le-csm/bin:/usr/bin:/usr/sbin:/sw/sources/hpss/bin:/opt/ibm/spectrumcomputing/lsf/10.1.0.9/linux3.10-glibc2.17-ppc64le-csm/etc:/opt/ibm/csm/bin:/usr/local/bin:/usr/local/sbin:/opt/ibm/flightlog/bin:/opt/ibutils/bin:/opt/ibm/spectrum_mpi/jsm_pmix/bin:/opt/puppetlabs/bin:/usr/lpp/mmfs/bin
MAIL=/var/spool/mail/USER
PAMI_IBV_QP_SERVICE_LEVEL=8
OMPI_COMM_WORLD_LOCAL_SIZE=1
OPAL_LIBDIR=/autofs/nccs-svm1_sw/summit/.swci/1-compute/opt/spack/20180914/linux-rhel7-ppc64le/gcc-6.4.0/spectrum-mpi-10.3.1.2-20200121-awz2q5brde7wgdqqw4ugalrkukeub4eb/container/../lib
LSB_EXIT_PRE_ABORT=99
LSB_JOBEXIT_STAT=0
LSF_LD_LIBRARY_PATH=/opt/ibm/spectrumcomputing/lsf/10.1.0.9/linux3.10-glibc2.17-ppc64le-csm/lib:/autofs/nccs-svm1_sw/summit/.swci/1-compute/opt/spack/20180914/linux-rhel7-ppc64le/gcc-6.4.0/spectrum-mpi-10.3.1.2-20200121-awz2q5brde7wgdqqw4ugalrkukeub4eb/lib:/sw/summit/gcc/6.4.0/lib64
PROJHOME=/ccs/proj/csc143
OMPI_DIR=/autofs/nccs-svm1_sw/summit/.swci/1-compute/opt/spack/20180914/linux-rhel7-ppc64le/gcc-6.4.0/spectrum-mpi-10.3.1.2-20200121-awz2q5brde7wgdqqw4ugalrkukeub4eb
PAMI_CUDA_AWARE_THRESH=320000
PWD=/gpfs/alpine/csc143/proj-shared/USER/scratch
_LMFILES_=/sw/summit/modulefiles/site/linux-rhel7-ppc64le/Core/hsi/5.0.2.p5.lua:/sw/summit/modulefiles/site/linux-rhel7-ppc64le/Core/xalt/1.2.0.lua:/sw/summit/modulefiles/site/linux-rhel7-ppc64le/Core/lsf-tools/2.0.lua:/sw/summit/modulefiles/site/linux-rhel7-ppc64le/Core/DefApps.lua:/sw/summit/modulefiles/site/linux-rhel7-ppc64le/Core/gcc/6.4.0.lua:/sw/summit/modulefiles/site/linux-rhel7-ppc64le/gcc/6.4.0/cmake/3.15.2.lua:/sw/summit/modulefiles/site/linux-rhel7-ppc64le/gcc/6.4.0/spectrum-mpi/10.3.1.2-20200121.lua:/sw/summit/modulefiles/core/python/3.6.6-anaconda3-5.3.0.lua
LSB_INTERACTIVE=Y
OMPI_COMM_WORLD_SIZE=1
OMPI_MCA_state=app
OMPI_MCA_opal_common_ucx_opal_mem_hooks=1
PMIX_MCA_gds=ds21,hash
OLCF_MODULEPATH_ROOT=/sw/summit/modulefiles
__LMOD_REF_COUNT_PYTHONPATH=/sw/summit/xalt/1.2.0/site:1;/sw/summit/xalt/1.2.0/libexec:1
LSB_RES_GET_FANOUT_INFO=Y
LSF_PTS_IPSTR=10.134.20.127
HCOLL_ALLREDUCE_ZCOPY_TUNE=static
MODULEPATH=/autofs/nccs-svm1_sw/summit/modulefiles/site/linux-rhel7-ppc64le/spectrum-mpi/10.3.1.2-20200121-awz2q5b/gcc/6.4.0:/sw/summit/modulefiles/site/linux-rhel7-ppc64le/gcc/6.4.0:/sw/summit/modulefiles/site/linux-rhel7-ppc64le/Core:/sw/summit/modulefiles/core
LSB_CHKFILENAME=/ccs/home/USER/.lsbatch/1591048746.131813
OMPI_MCA_ompi_async_mpi_init=f
_ModuleTable_Sz_=6
OLCF_FAMILY_COMPILER_VERSION=6.4.0
LOADEDMODULES=hsi/5.0.2.p5:xalt/1.2.0:lsf-tools/2.0:DefApps:gcc/6.4.0:cmake/3.15.2:spectrum-mpi/10.3.1.2-20200121:python/3.6.6-anaconda3-5.3.0
LMOD_SYSTEM_NAME=summit
LSB_DJOB_HOSTFILE=/ccs/home/USER/.lsbatch/1591048746.131813.hostfile
JSM_ENV_VAR_SPINDLE_PORT=/tmp/jsm.h31n11.11906/1137085/JSM_rm_port_11906_1137085-spindle
OMPI_LD_LIBRARY_PATH_PREPEND_DISTRO=pami_port:/autofs/nccs-svm1_sw/summit/.swci/1-compute/opt/spack/20180914/linux-rhel7-ppc64le/gcc-6.4.0/spectrum-mpi-10.3.1.2-20200121-awz2q5brde7wgdqqw4ugalrkukeub4eb/container/../lib:/autofs/nccs-svm1_sw/summit/.swci/1-compute/opt/spack/20180914/linux-rhel7-ppc64le/gcc-6.4.0/spectrum-mpi-10.3.1.2-20200121-awz2q5brde7wgdqqw4ugalrkukeub4eb/container/../lib/pami_port
OMPI_MCA_btl_openib_warn_default_gid_prefix=0
OLCF_FAMILY_COMPILER=gcc
OMPI_MCA_mca_base_env_list_distro=MPI_ROOT,OPAL_PREFIX,OPAL_LIBDIR,PMIX_INSTALL_PREFIX,IBV_FORK_SAFE,PMIX_MCA_ptl_tcp_handshake_wait_time,PMIX_MCA_ptl_tcp_handshake_max_retries,PMIX_MCA_gds,PAMI_IBV_SKIP_CQOVERFLOW_CHECK,HCOLL_ALLREDUCE_ZCOPY_TUNE,HCOLL_EXTERNAL_UCM_EVENTS,UCX_MEM_MMAP_HOOK_MODE,OMPI_LD_PRELOAD_POSTPEND_DISTRO,OMPI_LD_LIBRARY_PATH_PREPEND_DISTRO,SMPI_INTERNAL_MPIRUN_LAUNCH_JSM
OMPI_MCA_compress=^bzip,gzip
LSF_JOB_TIMESTAMP_VALUE=1591049136
_ModuleTable005_=WyJzdGFja0RlcHRoIl09MCxbInN0YXR1cyJdPSJhY3RpdmUiLFsidXNlck5hbWUiXT0ic3BlY3RydW0tbXBpIix9LHhhbHQ9e1siZm4iXT0iL3N3L3N1bW1pdC9tb2R1bGVmaWxlcy9zaXRlL2xpbnV4LXJoZWw3LXBwYzY0bGUvQ29yZS94YWx0LzEuMi4wLmx1YSIsWyJmdWxsTmFtZSJdPSJ4YWx0LzEuMi4wIixbImxvYWRPcmRlciJdPTIscHJvcFQ9e30sWyJzdGFja0RlcHRoIl09MSxbInN0YXR1cyJdPSJhY3RpdmUiLFsidXNlck5hbWUiXT0ieGFsdCIsfSx9LG1wYXRoQT17Ii9hdXRvZnMvbmNjcy1zdm0xX3N3L3N1bW1pdC9tb2R1bGVmaWxlcy9zaXRlL2xpbnV4LXJoZWw3LXBwYzY0bGUvc3BlY3RydW0tbXBpLzEwLjMuMS4yLTIwMjAwMTIxLWF3ejJxNWIvZ2NjLzYuNC4w
LMOD_CMD=/sw/summit/lmod/8.2.10/libexec/lmod
LSB_AFFINITY_HOSTFILE=/ccs/home/USER/.lsbatch/1591048746.131813.hostAffinityFile
PMIX_GDS_MODULE=ds21,ds12,hash
OMPI_MCA_opal_pmix_base_async_modex=t
LSF_BINDIR=/opt/ibm/spectrumcomputing/lsf/10.1.0.9/linux3.10-glibc2.17-ppc64le-csm/bin
LSB_EXEC_HOSTTYPE=LINUXPPC64LE
LSB_DJOB_NUMPROC=43
OMP_PROC_BIND=true
OLCF_PYTHON_ANACONDA3_ROOT=/sw/summit/python/3.6/anaconda3/5.3.0
HISTCONTROL=ignoredups
WORLDWORK=/gpfs/alpine/world-shared
PMIX_DSTORE_21_BASE_PATH=/tmp/jsm.h31n11.11906/1137085/pmix_dstor_ds21_29652
PMIX_DSTORE_ESH_BASE_PATH=/tmp/jsm.h31n11.11906/1137085/pmix_dstor_ds12_29652
OMPI_MCA_ess_base_forward_signals=6,10,11,12,14,18,21
MEMBERWORK=/gpfs/alpine/scratch/USER
HOME=/ccs/home/USER
SHLVL=7
OMPI_CC=gcc
__LMOD_REF_COUNT_PATH=/sw/sources/lsf-tools/2.0/summit/bin:2;/sw/summit/xalt/1.2.0/bin:1;/sw/summit/python/3.6/anaconda3/5.3.0/bin:1;/autofs/nccs-svm1_sw/summit/.swci/1-compute/opt/spack/20180914/linux-rhel7-ppc64le/gcc-6.4.0/spectrum-mpi-10.3.1.2-20200121-awz2q5brde7wgdqqw4ugalrkukeub4eb/bin:1;/autofs/nccs-svm1_sw/summit/.swci/0-core/opt/spack/20180914/linux-rhel7-ppc64le/gcc-4.8.5/cmake-3.15.2-xit2o3iepxvqbyku77lwcugufilztu7t/bin:1;/sw/summit/gcc/6.4.0/bin:1;/ccs/proj/csc299/USER/spack/bin:2;/ccs/home/USER/opt/git-lfs:2;/ccs/home/USER/bin:2;/opt/ibm/spectrumcomputing/lsf/10.1.0.9/linux3.10-glibc2.17-ppc64le-csm/bin:1;/usr/bin:2;/usr/sbin:2;/sw/sources/hpss/bin:1;/opt/ibm/spectrumcomputing/lsf/10.1.0.9/linux3.10-glibc2.17-ppc64le-csm/etc:1;/opt/ibm/csm/bin:1;/usr/local/bin:1;/usr/local/sbin:1;/opt/ibm/flightlog/bin:1;/opt/ibutils/bin:1;/opt/ibm/spectrum_mpi/jsm_pmix/bin:1;/opt/puppetlabs/bin:1;/usr/lpp/mmfs/bin:1
LSB_APPLICATION_NAME=small
PMIX_SECURITY_MODE=native
__LMOD_REF_COUNT_CPATH=/autofs/nccs-svm1_sw/summit/.swci/1-compute/opt/spack/20180914/linux-rhel7-ppc64le/gcc-6.4.0/spectrum-mpi-10.3.1.2-20200121-awz2q5brde7wgdqqw4ugalrkukeub4eb/include:1
JOB_TERMINATE_INTERVAL=10
_ModuleTable002_=LXJoZWw3LXBwYzY0bGUvZ2NjLzYuNC4wL2NtYWtlLzMuMTUuMi5sdWEiLFsiZnVsbE5hbWUiXT0iY21ha2UvMy4xNS4yIixbImxvYWRPcmRlciJdPTYscHJvcFQ9e30sWyJzdGFja0RlcHRoIl09MCxbInN0YXR1cyJdPSJhY3RpdmUiLFsidXNlck5hbWUiXT0iY21ha2UiLH0sZ2NjPXtbImZuIl09Ii9zdy9zdW1taXQvbW9kdWxlZmlsZXMvc2l0ZS9saW51eC1yaGVsNy1wcGM2NGxlL0NvcmUvZ2NjLzYuNC4wLmx1YSIsWyJmdWxsTmFtZSJdPSJnY2MvNi40LjAiLFsibG9hZE9yZGVyIl09NSxwcm9wVD17fSxbInN0YWNrRGVwdGgiXT0wLFsic3RhdHVzIl09ImFjdGl2ZSIsWyJ1c2VyTmFtZSJdPSJnY2MiLH0saHNpPXtbImZuIl09Ii9zdy9zdW1taXQvbW9kdWxlZmlsZXMvc2l0
BINARY_TYPE_HPC=
CSM_ALLOCATION_ID=1137085
LSB_ACCT_FILE=/tmp/131813.tmpdir/.1591048746.131813.acct
OMPI_MCA_opal_signal=6,7,8,11
LSB_SUB_HOST=login5
JSM_LOG_PATH=/tmp/jsm.h31n11.11906/1137085
BASH_ENV=/sw/summit/lmod/8.2.10/init/bash
OLCF_HSI_ROOT=/sw/sources/hpss
LSFUSER=USER
LSB_SUB_USER=USER
__LSF_JOB_TMPDIR__=/tmp/131813.tmpdir
MPI_ROOT=/autofs/nccs-svm1_sw/summit/.swci/1-compute/opt/spack/20180914/linux-rhel7-ppc64le/gcc-6.4.0/spectrum-mpi-10.3.1.2-20200121-awz2q5brde7wgdqqw4ugalrkukeub4eb/container/..
PYTHONPATH=/sw/summit/xalt/1.2.0/site:/sw/summit/xalt/1.2.0/libexec
PAMI_IBV_ENABLE_DCT=1
LSB_MCPU_HOSTS=batch3 1 h31n11 42 
LSB_QUEUE=batch
LSB_OUTDIR=/gpfs/alpine/proj-shared/csc143/USER/scratch
CSM_LIB_PATH=/opt/ibm/csm/lib/libcsmi.so
JSM_TOP_SESSION_DIR=/tmp/jsm.h31n11.11906
LOGNAME=USER
PMIX_BFROP_BUFFER_TYPE=PMIX_BFROP_BUFFER_NON_DESC
OLCF_SPECTRUM_MPI_ROOT=/autofs/nccs-svm1_sw/summit/.swci/1-compute/opt/spack/20180914/linux-rhel7-ppc64le/gcc-6.4.0/spectrum-mpi-10.3.1.2-20200121-awz2q5brde7wgdqqw4ugalrkukeub4eb
CVS_RSH=ssh
PAMI_IBV_SKIP_CQOVERFLOW_CHECK=1
OLCF_GCC_ROOT=/sw/summit/gcc/6.4.0
XLSF_UIDDIR=/opt/ibm/spectrumcomputing/lsf/10.1.0.9/linux3.10-glibc2.17-ppc64le-csm/lib/uid
SSH_CONNECTION=99.148.134.26 53507 128.219.134.75 22
__LMOD_REF_COUNT_ACLOCAL_PATH=/autofs/nccs-svm1_sw/summit/.swci/0-core/opt/spack/20180914/linux-rhel7-ppc64le/gcc-4.8.5/cmake-3.15.2-xit2o3iepxvqbyku77lwcugufilztu7t/share/aclocal:1
__LMOD_REF_COUNT_LIBRARY_PATH=/autofs/nccs-svm1_sw/summit/.swci/1-compute/opt/spack/20180914/linux-rhel7-ppc64le/gcc-6.4.0/spectrum-mpi-10.3.1.2-20200121-awz2q5brde7wgdqqw4ugalrkukeub4eb/lib:1
JSM_JSRUN_NO_WARN_TOPOLOGY=1
MODULESHOME=/sw/summit/lmod/8.2.10
LSB_ECHKPNT_RSH_CMD=ssh -o 'PasswordAuthentication no' -o 'StrictHostKeyChecking no'
PTS_LOG_PATH=/tmp/jsm.h31n11.11906/1137085
OMP_NUM_THREADS=4
OMP_PLACES={0:4}
JSM_NAMESPACE_LOCAL_RANK=0
OMPI_CXX=g++
__LMOD_REF_COUNT_LD_LIBRARY_PATH=/autofs/nccs-svm1_sw/summit/.swci/1-compute/opt/spack/20180914/linux-rhel7-ppc64le/gcc-6.4.0/spectrum-mpi-10.3.1.2-20200121-awz2q5brde7wgdqqw4ugalrkukeub4eb/lib:1;/sw/summit/gcc/6.4.0/lib64:1;/opt/ibm/spectrumcomputing/lsf/10.1.0.9/linux3.10-glibc2.17-ppc64le-csm/lib:1
LMOD_SETTARG_FULL_SUPPORT=no
LESSOPEN=||/usr/bin/lesspipe.sh %s
LSF_CGROUP_TOPDIR_KEY=summit
PMIX_SERVER_TMPDIR=/tmp/jsm.h31n11.11906/1137085
LMOD_MPI_VERSION=10.3.1.2-20200121-awz2q5b
OMPI_MCA_io=romio321
__Init_Default_Modules=1
LMOD_FAMILY_COMPILER=gcc
ACLOCAL_PATH=/autofs/nccs-svm1_sw/summit/.swci/0-core/opt/spack/20180914/linux-rhel7-ppc64le/gcc-4.8.5/cmake-3.15.2-xit2o3iepxvqbyku77lwcugufilztu7t/share/aclocal
LSB_XFER_OP=
PMIX_SYSTEM_TMPDIR=/tmp/jsm.h31n11.11906/1137085
JSM_NAMESPACE_LOCAL_SIZE=1
OMPI_MCA_spml=ucx
CMAKE_PREFIX_PATH=/autofs/nccs-svm1_sw/summit/.swci/1-compute/opt/spack/20180914/linux-rhel7-ppc64le/gcc-6.4.0/spectrum-mpi-10.3.1.2-20200121-awz2q5brde7wgdqqw4ugalrkukeub4eb:/autofs/nccs-svm1_sw/summit/.swci/0-core/opt/spack/20180914/linux-rhel7-ppc64le/gcc-4.8.5/cmake-3.15.2-xit2o3iepxvqbyku77lwcugufilztu7t
XALT_OLCF=1
XL_LINKER=/sw/summit/xalt/1.2.0/bin/ld
LSB_EEXEC_REAL_GID=
XDG_RUNTIME_DIR=/run/user/11906
JSM_SMT_ASSIGNMENTS=0-3
OMPI_MCA_coll_hcoll_priority=-1
OMPI_MCA_coll_tuned_priority=-1
_ModuleTable006_=IiwiL3N3L3N1bW1pdC9tb2R1bGVmaWxlcy9zaXRlL2xpbnV4LXJoZWw3LXBwYzY0bGUvZ2NjLzYuNC4wIiwiL3N3L3N1bW1pdC9tb2R1bGVmaWxlcy9zaXRlL2xpbnV4LXJoZWw3LXBwYzY0bGUvQ29yZSIsIi9zdy9zdW1taXQvbW9kdWxlZmlsZXMvY29yZSIsfSxbInN5c3RlbUJhc2VNUEFUSCJdPSIvc3cvc3VtbWl0L21vZHVsZWZpbGVzL3NpdGUvbGludXgtcmhlbDctcHBjNjRsZS9Db3JlOi9zdy9zdW1taXQvbW9kdWxlZmlsZXMvY29yZSIsfQ==
__LMOD_REF_COUNT_MANPATH=/sw/summit/python/3.6/anaconda3/5.3.0/share/man:1;/autofs/nccs-svm1_sw/summit/.swci/1-compute/opt/spack/20180914/linux-rhel7-ppc64le/gcc-6.4.0/spectrum-mpi-10.3.1.2-20200121-awz2q5brde7wgdqqw4ugalrkukeub4eb/share/man:1;/sw/summit/gcc/6.4.0/share/man:1;/sw/sources/hpss/man:1;/sw/summit/lmod/8.2.10/share/man:1;/opt/ibm/spectrumcomputing/lsf/10.1.0.9/man:1;/opt/puppetlabs/puppet/share/man:1
LMOD_DIR=/sw/summit/lmod/8.2.10/libexec
LSF_ENVDIR=/opt/ibm/spectrumcomputing/lsf/conf
PTS_PARENT_PID=29652

OMPI_MCA_memory=patcher
OMPI_MCA_mpi_leave_pinned=1
__LMOD_Priority_PATH=/sw/sources/lsf-tools/2.0/summit/bin:-9999;/sw/summit/xalt/1.2.0/bin:-9999
LSF_PTS_USOCK=@PTS_CLIENT.29652.1
JSM_NUM_THREADS=15
PMIX_SERVER_URI3=pmix-server.29652;tcp4://127.0.0.1:42077
OMPI_MCA_btl=self
LSB_SHMODE=y
LMOD_FAMILY_MPI=spectrum-mpi
LSB_DJOB_RANKFILE=/ccs/home/USER/.lsbatch/1591048746.131813.hostfile
HISTTIMEFORMAT=%d/%m/%y %T 
PMIX_SERVER_URI2=pmix-server.29652;tcp4://127.0.0.1:42077
BASH_FUNC_module()=() {  eval $($LMOD_CMD bash "$@") && eval $(${LMOD_SETTARG_CMD:-:} -s sh)
}
BASH_FUNC_ml()=() {  eval $($LMOD_DIR/ml_cmd "$@")
}
_=/usr/bin/env
+ lsb_release -a
test.sh: line 10: lsb_release: command not found
+ uname -a
Linux h31n11 4.14.0-115.21.2.el7a.ppc64le #1 SMP Thu May 7 22:22:31 UTC 2020 ppc64le ppc64le ppc64le GNU/Linux
+ lscpu
Architecture:          ppc64le
Byte Order:            Little Endian
CPU(s):                176
On-line CPU(s) list:   0-175
Thread(s) per core:    4
Core(s) per socket:    22
Socket(s):             2
NUMA node(s):          8
Model:                 2.1 (pvr 004e 1201)
Model name:            POWER9, altivec supported
CPU max MHz:           3800.0000
CPU min MHz:           2300.0000
L1d cache:             32K
L1i cache:             32K
L2 cache:              512K
L3 cache:              10240K
NUMA node0 CPU(s):     0-87
NUMA node8 CPU(s):     88-175
NUMA node250 CPU(s):   
NUMA node251 CPU(s):   
NUMA node252 CPU(s):   
NUMA node253 CPU(s):   
NUMA node254 CPU(s):   
NUMA node255 CPU(s):   
+ cat /proc/meminfo
MemTotal:       634191808 kB
MemFree:        582142336 kB
MemAvailable:   588653440 kB
Buffers:             640 kB
Cached:         17785984 kB
SwapCached:            0 kB
Active:         16106368 kB
Inactive:        5064704 kB
Active(anon):   12263104 kB
Inactive(anon):   807744 kB
Active(file):    3843264 kB
Inactive(file):  4256960 kB
Unevictable:    16777216 kB
Mlocked:        16777216 kB
SwapTotal:             0 kB
SwapFree:              0 kB
Dirty:                 0 kB
Writeback:             0 kB
AnonPages:      20163008 kB
Mapped:          2392384 kB
Shmem:           9686400 kB
Slab:            3082560 kB
SReclaimable:     886912 kB
SUnreclaim:      2195648 kB
KernelStack:       45824 kB
PageTables:        69952 kB
NFS_Unstable:          0 kB
Bounce:                0 kB
WritebackTmp:          0 kB
CommitLimit:    317095872 kB
Committed_AS:   29292736 kB
VmallocTotal:   549755813888 kB
VmallocUsed:           0 kB
VmallocChunk:          0 kB
HardwareCorrupted:     0 kB
AnonHugePages:    688128 kB
ShmemHugePages:        0 kB
ShmemPmdMapped:        0 kB
CmaTotal:       26853376 kB
CmaFree:        26853312 kB
HugePages_Total:       0
HugePages_Free:        0
HugePages_Rsvd:        0
HugePages_Surp:        0
Hugepagesize:       2048 kB
+ inxi -F -c0
test.sh: line 14: inxi: command not found
+ lsblk -a
NAME       MAJ:MIN RM   SIZE RO TYPE MOUNTPOINT
nvme0n1    259:0    0   1.5T  0 disk 
|-bb-bb1   253:1    0   1.4T  0 lvm  /mnt/bb/kmehta
`-bb-cache 253:0    0 104.3G  0 lvm  /var/cache/fscache
+ lsscsi -s
test.sh: line 16: lsscsi: command not found
+ module list
++ /sw/summit/lmod/8.2.10/libexec/lmod bash list

Currently Loaded Modules:
  1) hsi/5.0.2.p5    4) DefApps        7) spectrum-mpi/10.3.1.2-20200121
  2) xalt/1.2.0      5) gcc/6.4.0      8) python/3.6.6-anaconda3-5.3.0
  3) lsf-tools/2.0   6) cmake/3.15.2

 

+ eval 'MODULEPATH=/autofs/nccs-svm1_sw/summit/modulefiles/site/linux-rhel7-ppc64le/spectrum-mpi/10.3.1.2-20200121-awz2q5b/gcc/6.4.0:/sw/summit/modulefiles/site/linux-rhel7-ppc64le/gcc/6.4.0:/sw/summit/modulefiles/site/linux-rhel7-ppc64le/Core:/sw/summit/modulefiles/core;' export 'MODULEPATH;' '_ModuleTable001_=X01vZHVsZVRhYmxlXz17WyJNVHZlcnNpb24iXT0zLFsiY19yZWJ1aWxkVGltZSJdPWZhbHNlLFsiY19zaG9ydFRpbWUiXT1mYWxzZSxkZXB0aFQ9e30sZmFtaWx5PXtbImNvbXBpbGVyIl09ImdjYyIsWyJtcGkiXT0ic3BlY3RydW0tbXBpIix9LG1UPXtEZWZBcHBzPXtbImZuIl09Ii9zdy9zdW1taXQvbW9kdWxlZmlsZXMvc2l0ZS9saW51eC1yaGVsNy1wcGM2NGxlL0NvcmUvRGVmQXBwcy5sdWEiLFsiZnVsbE5hbWUiXT0iRGVmQXBwcyIsWyJsb2FkT3JkZXIiXT00LHByb3BUPXt9LFsic3RhY2tEZXB0aCJdPTAsWyJzdGF0dXMiXT0iYWN0aXZlIixbInVzZXJOYW1lIl09IkRlZkFwcHMiLH0sY21ha2U9e1siZm4iXT0iL3N3L3N1bW1pdC9tb2R1bGVmaWxlcy9zaXRlL2xpbnV4;' export '_ModuleTable001_;' '_ModuleTable002_=LXJoZWw3LXBwYzY0bGUvZ2NjLzYuNC4wL2NtYWtlLzMuMTUuMi5sdWEiLFsiZnVsbE5hbWUiXT0iY21ha2UvMy4xNS4yIixbImxvYWRPcmRlciJdPTYscHJvcFQ9e30sWyJzdGFja0RlcHRoIl09MCxbInN0YXR1cyJdPSJhY3RpdmUiLFsidXNlck5hbWUiXT0iY21ha2UiLH0sZ2NjPXtbImZuIl09Ii9zdy9zdW1taXQvbW9kdWxlZmlsZXMvc2l0ZS9saW51eC1yaGVsNy1wcGM2NGxlL0NvcmUvZ2NjLzYuNC4wLmx1YSIsWyJmdWxsTmFtZSJdPSJnY2MvNi40LjAiLFsibG9hZE9yZGVyIl09NSxwcm9wVD17fSxbInN0YWNrRGVwdGgiXT0wLFsic3RhdHVzIl09ImFjdGl2ZSIsWyJ1c2VyTmFtZSJdPSJnY2MiLH0saHNpPXtbImZuIl09Ii9zdy9zdW1taXQvbW9kdWxlZmlsZXMvc2l0;' export '_ModuleTable002_;' '_ModuleTable003_=ZS9saW51eC1yaGVsNy1wcGM2NGxlL0NvcmUvaHNpLzUuMC4yLnA1Lmx1YSIsWyJmdWxsTmFtZSJdPSJoc2kvNS4wLjIucDUiLFsibG9hZE9yZGVyIl09MSxwcm9wVD17fSxbInN0YWNrRGVwdGgiXT0xLFsic3RhdHVzIl09ImFjdGl2ZSIsWyJ1c2VyTmFtZSJdPSJoc2kiLH0sWyJsc2YtdG9vbHMiXT17WyJmbiJdPSIvc3cvc3VtbWl0L21vZHVsZWZpbGVzL3NpdGUvbGludXgtcmhlbDctcHBjNjRsZS9Db3JlL2xzZi10b29scy8yLjAubHVhIixbImZ1bGxOYW1lIl09ImxzZi10b29scy8yLjAiLFsibG9hZE9yZGVyIl09Myxwcm9wVD17fSxbInN0YWNrRGVwdGgiXT0xLFsic3RhdHVzIl09ImFjdGl2ZSIsWyJ1c2VyTmFtZSJdPSJsc2YtdG9vbHMiLH0scHl0aG9uPXtbImZuIl09;' export '_ModuleTable003_;' '_ModuleTable004_=Ii9zdy9zdW1taXQvbW9kdWxlZmlsZXMvY29yZS9weXRob24vMy42LjYtYW5hY29uZGEzLTUuMy4wLmx1YSIsWyJmdWxsTmFtZSJdPSJweXRob24vMy42LjYtYW5hY29uZGEzLTUuMy4wIixbImxvYWRPcmRlciJdPTgscHJvcFQ9e30sWyJzdGFja0RlcHRoIl09MCxbInN0YXR1cyJdPSJhY3RpdmUiLFsidXNlck5hbWUiXT0icHl0aG9uIix9LFsic3BlY3RydW0tbXBpIl09e1siZm4iXT0iL3N3L3N1bW1pdC9tb2R1bGVmaWxlcy9zaXRlL2xpbnV4LXJoZWw3LXBwYzY0bGUvZ2NjLzYuNC4wL3NwZWN0cnVtLW1waS8xMC4zLjEuMi0yMDIwMDEyMS5sdWEiLFsiZnVsbE5hbWUiXT0ic3BlY3RydW0tbXBpLzEwLjMuMS4yLTIwMjAwMTIxIixbImxvYWRPcmRlciJdPTcscHJvcFQ9e30s;' export '_ModuleTable004_;' '_ModuleTable005_=WyJzdGFja0RlcHRoIl09MCxbInN0YXR1cyJdPSJhY3RpdmUiLFsidXNlck5hbWUiXT0ic3BlY3RydW0tbXBpIix9LHhhbHQ9e1siZm4iXT0iL3N3L3N1bW1pdC9tb2R1bGVmaWxlcy9zaXRlL2xpbnV4LXJoZWw3LXBwYzY0bGUvQ29yZS94YWx0LzEuMi4wLmx1YSIsWyJmdWxsTmFtZSJdPSJ4YWx0LzEuMi4wIixbImxvYWRPcmRlciJdPTIscHJvcFQ9e30sWyJzdGFja0RlcHRoIl09MSxbInN0YXR1cyJdPSJhY3RpdmUiLFsidXNlck5hbWUiXT0ieGFsdCIsfSx9LG1wYXRoQT17Ii9hdXRvZnMvbmNjcy1zdm0xX3N3L3N1bW1pdC9tb2R1bGVmaWxlcy9zaXRlL2xpbnV4LXJoZWw3LXBwYzY0bGUvc3BlY3RydW0tbXBpLzEwLjMuMS4yLTIwMjAwMTIxLWF3ejJxNWIvZ2NjLzYuNC4w;' export '_ModuleTable005_;' '_ModuleTable006_=IiwiL3N3L3N1bW1pdC9tb2R1bGVmaWxlcy9zaXRlL2xpbnV4LXJoZWw3LXBwYzY0bGUvZ2NjLzYuNC4wIiwiL3N3L3N1bW1pdC9tb2R1bGVmaWxlcy9zaXRlL2xpbnV4LXJoZWw3LXBwYzY0bGUvQ29yZSIsIi9zdy9zdW1taXQvbW9kdWxlZmlsZXMvY29yZSIsfSxbInN5c3RlbUJhc2VNUEFUSCJdPSIvc3cvc3VtbWl0L21vZHVsZWZpbGVzL3NpdGUvbGludXgtcmhlbDctcHBjNjRsZS9Db3JlOi9zdy9zdW1taXQvbW9kdWxlZmlsZXMvY29yZSIsfQ==;' export '_ModuleTable006_;' '_ModuleTable_Sz_=6;' export '_ModuleTable_Sz_;'
++ MODULEPATH=/autofs/nccs-svm1_sw/summit/modulefiles/site/linux-rhel7-ppc64le/spectrum-mpi/10.3.1.2-20200121-awz2q5b/gcc/6.4.0:/sw/summit/modulefiles/site/linux-rhel7-ppc64le/gcc/6.4.0:/sw/summit/modulefiles/site/linux-rhel7-ppc64le/Core:/sw/summit/modulefiles/core
++ export MODULEPATH
++ _ModuleTable001_=X01vZHVsZVRhYmxlXz17WyJNVHZlcnNpb24iXT0zLFsiY19yZWJ1aWxkVGltZSJdPWZhbHNlLFsiY19zaG9ydFRpbWUiXT1mYWxzZSxkZXB0aFQ9e30sZmFtaWx5PXtbImNvbXBpbGVyIl09ImdjYyIsWyJtcGkiXT0ic3BlY3RydW0tbXBpIix9LG1UPXtEZWZBcHBzPXtbImZuIl09Ii9zdy9zdW1taXQvbW9kdWxlZmlsZXMvc2l0ZS9saW51eC1yaGVsNy1wcGM2NGxlL0NvcmUvRGVmQXBwcy5sdWEiLFsiZnVsbE5hbWUiXT0iRGVmQXBwcyIsWyJsb2FkT3JkZXIiXT00LHByb3BUPXt9LFsic3RhY2tEZXB0aCJdPTAsWyJzdGF0dXMiXT0iYWN0aXZlIixbInVzZXJOYW1lIl09IkRlZkFwcHMiLH0sY21ha2U9e1siZm4iXT0iL3N3L3N1bW1pdC9tb2R1bGVmaWxlcy9zaXRlL2xpbnV4
++ export _ModuleTable001_
++ _ModuleTable002_=LXJoZWw3LXBwYzY0bGUvZ2NjLzYuNC4wL2NtYWtlLzMuMTUuMi5sdWEiLFsiZnVsbE5hbWUiXT0iY21ha2UvMy4xNS4yIixbImxvYWRPcmRlciJdPTYscHJvcFQ9e30sWyJzdGFja0RlcHRoIl09MCxbInN0YXR1cyJdPSJhY3RpdmUiLFsidXNlck5hbWUiXT0iY21ha2UiLH0sZ2NjPXtbImZuIl09Ii9zdy9zdW1taXQvbW9kdWxlZmlsZXMvc2l0ZS9saW51eC1yaGVsNy1wcGM2NGxlL0NvcmUvZ2NjLzYuNC4wLmx1YSIsWyJmdWxsTmFtZSJdPSJnY2MvNi40LjAiLFsibG9hZE9yZGVyIl09NSxwcm9wVD17fSxbInN0YWNrRGVwdGgiXT0wLFsic3RhdHVzIl09ImFjdGl2ZSIsWyJ1c2VyTmFtZSJdPSJnY2MiLH0saHNpPXtbImZuIl09Ii9zdy9zdW1taXQvbW9kdWxlZmlsZXMvc2l0
++ export _ModuleTable002_
++ _ModuleTable003_=ZS9saW51eC1yaGVsNy1wcGM2NGxlL0NvcmUvaHNpLzUuMC4yLnA1Lmx1YSIsWyJmdWxsTmFtZSJdPSJoc2kvNS4wLjIucDUiLFsibG9hZE9yZGVyIl09MSxwcm9wVD17fSxbInN0YWNrRGVwdGgiXT0xLFsic3RhdHVzIl09ImFjdGl2ZSIsWyJ1c2VyTmFtZSJdPSJoc2kiLH0sWyJsc2YtdG9vbHMiXT17WyJmbiJdPSIvc3cvc3VtbWl0L21vZHVsZWZpbGVzL3NpdGUvbGludXgtcmhlbDctcHBjNjRsZS9Db3JlL2xzZi10b29scy8yLjAubHVhIixbImZ1bGxOYW1lIl09ImxzZi10b29scy8yLjAiLFsibG9hZE9yZGVyIl09Myxwcm9wVD17fSxbInN0YWNrRGVwdGgiXT0xLFsic3RhdHVzIl09ImFjdGl2ZSIsWyJ1c2VyTmFtZSJdPSJsc2YtdG9vbHMiLH0scHl0aG9uPXtbImZuIl09
++ export _ModuleTable003_
++ _ModuleTable004_=Ii9zdy9zdW1taXQvbW9kdWxlZmlsZXMvY29yZS9weXRob24vMy42LjYtYW5hY29uZGEzLTUuMy4wLmx1YSIsWyJmdWxsTmFtZSJdPSJweXRob24vMy42LjYtYW5hY29uZGEzLTUuMy4wIixbImxvYWRPcmRlciJdPTgscHJvcFQ9e30sWyJzdGFja0RlcHRoIl09MCxbInN0YXR1cyJdPSJhY3RpdmUiLFsidXNlck5hbWUiXT0icHl0aG9uIix9LFsic3BlY3RydW0tbXBpIl09e1siZm4iXT0iL3N3L3N1bW1pdC9tb2R1bGVmaWxlcy9zaXRlL2xpbnV4LXJoZWw3LXBwYzY0bGUvZ2NjLzYuNC4wL3NwZWN0cnVtLW1waS8xMC4zLjEuMi0yMDIwMDEyMS5sdWEiLFsiZnVsbE5hbWUiXT0ic3BlY3RydW0tbXBpLzEwLjMuMS4yLTIwMjAwMTIxIixbImxvYWRPcmRlciJdPTcscHJvcFQ9e30s
++ export _ModuleTable004_
++ _ModuleTable005_=WyJzdGFja0RlcHRoIl09MCxbInN0YXR1cyJdPSJhY3RpdmUiLFsidXNlck5hbWUiXT0ic3BlY3RydW0tbXBpIix9LHhhbHQ9e1siZm4iXT0iL3N3L3N1bW1pdC9tb2R1bGVmaWxlcy9zaXRlL2xpbnV4LXJoZWw3LXBwYzY0bGUvQ29yZS94YWx0LzEuMi4wLmx1YSIsWyJmdWxsTmFtZSJdPSJ4YWx0LzEuMi4wIixbImxvYWRPcmRlciJdPTIscHJvcFQ9e30sWyJzdGFja0RlcHRoIl09MSxbInN0YXR1cyJdPSJhY3RpdmUiLFsidXNlck5hbWUiXT0ieGFsdCIsfSx9LG1wYXRoQT17Ii9hdXRvZnMvbmNjcy1zdm0xX3N3L3N1bW1pdC9tb2R1bGVmaWxlcy9zaXRlL2xpbnV4LXJoZWw3LXBwYzY0bGUvc3BlY3RydW0tbXBpLzEwLjMuMS4yLTIwMjAwMTIxLWF3ejJxNWIvZ2NjLzYuNC4w
++ export _ModuleTable005_
++ _ModuleTable006_=IiwiL3N3L3N1bW1pdC9tb2R1bGVmaWxlcy9zaXRlL2xpbnV4LXJoZWw3LXBwYzY0bGUvZ2NjLzYuNC4wIiwiL3N3L3N1bW1pdC9tb2R1bGVmaWxlcy9zaXRlL2xpbnV4LXJoZWw3LXBwYzY0bGUvQ29yZSIsIi9zdy9zdW1taXQvbW9kdWxlZmlsZXMvY29yZSIsfSxbInN5c3RlbUJhc2VNUEFUSCJdPSIvc3cvc3VtbWl0L21vZHVsZWZpbGVzL3NpdGUvbGludXgtcmhlbDctcHBjNjRsZS9Db3JlOi9zdy9zdW1taXQvbW9kdWxlZmlsZXMvY29yZSIsfQ==
++ export _ModuleTable006_
++ _ModuleTable_Sz_=6
++ export _ModuleTable_Sz_
++ : -s sh
+ eval
+ nvidia-smi
No devices were found
+ lshw -short -quiet -sanitize
+ cat
test.sh: line 19: lshw: command not found
+ lspci
0000:00:00.0 PCI bridge: IBM POWER9 Host Bridge (PHB4)
0000:01:00.0 Non-Volatile memory controller: Samsung Electronics Co Ltd NVMe SSD Controller 172Xa/172Xb (rev 01)
0001:00:00.0 PCI bridge: IBM POWER9 Host Bridge (PHB4)
0001:01:00.0 USB controller: Texas Instruments TUSB73x0 SuperSpeed USB 3.0 xHCI Host Controller (rev 02)
0002:00:00.0 PCI bridge: IBM POWER9 Host Bridge (PHB4)
0002:01:00.0 PCI bridge: ASPEED Technology, Inc. AST1150 PCI-to-PCI Bridge (rev 04)
0002:02:00.0 VGA compatible controller: ASPEED Technology, Inc. ASPEED Graphics Family (rev 41)
0003:00:00.0 PCI bridge: IBM POWER9 Host Bridge (PHB4)
0003:01:00.0 Infiniband controller: Mellanox Technologies MT28800 Family [ConnectX-5 Ex]
0003:01:00.1 Infiniband controller: Mellanox Technologies MT28800 Family [ConnectX-5 Ex]
0004:00:00.0 PCI bridge: IBM POWER9 Host Bridge (PHB4)
0004:01:00.0 PCI bridge: PLX Technology, Inc. Device 8725 (rev ca)
0004:01:00.1 System peripheral: PLX Technology, Inc. Device 87d0 (rev ca)
0004:01:00.2 System peripheral: PLX Technology, Inc. Device 87d0 (rev ca)
0004:01:00.3 System peripheral: PLX Technology, Inc. Device 87d0 (rev ca)
0004:01:00.4 System peripheral: PLX Technology, Inc. Device 87d0 (rev ca)
0004:02:02.0 PCI bridge: PLX Technology, Inc. Device 8725 (rev ca)
0004:02:0a.0 PCI bridge: PLX Technology, Inc. Device 8725 (rev ca)
0004:02:0b.0 PCI bridge: PLX Technology, Inc. Device 8725 (rev ca)
0004:02:0c.0 PCI bridge: PLX Technology, Inc. Device 8725 (rev ca)
0004:03:00.0 SATA controller: Marvell Technology Group Ltd. 88SE9235 PCIe 2.0 x2 4-port SATA 6 Gb/s Controller (rev 11)
0004:04:00.0 3D controller: NVIDIA Corporation GV100GL [Tesla V100 SXM2 16GB] (rev a1)
0004:05:00.0 3D controller: NVIDIA Corporation GV100GL [Tesla V100 SXM2 16GB] (rev a1)
0004:06:00.0 3D controller: NVIDIA Corporation GV100GL [Tesla V100 SXM2 16GB] (rev a1)
0005:00:00.0 PCI bridge: IBM POWER9 Host Bridge (PHB4)
0005:01:00.0 Ethernet controller: Broadcom Inc. and subsidiaries NetXtreme BCM5719 Gigabit Ethernet PCIe (rev 01)
0005:01:00.1 Ethernet controller: Broadcom Inc. and subsidiaries NetXtreme BCM5719 Gigabit Ethernet PCIe (rev 01)
0006:00:00.0 Bridge: IBM Device 04ea (rev 01)
0006:00:00.1 Bridge: IBM Device 04ea (rev 01)
0006:00:01.0 Bridge: IBM Device 04ea (rev 01)
0006:00:01.1 Bridge: IBM Device 04ea (rev 01)
0006:00:02.0 Bridge: IBM Device 04ea (rev 01)
0006:00:02.1 Bridge: IBM Device 04ea (rev 01)
0007:00:00.0 Bridge: IBM Device 04ea (rev 01)
0007:00:00.1 Bridge: IBM Device 04ea (rev 01)
0007:00:01.0 Bridge: IBM Device 04ea (rev 01)
0007:00:01.1 Bridge: IBM Device 04ea (rev 01)
0007:00:02.0 Bridge: IBM Device 04ea (rev 01)
0007:00:02.1 Bridge: IBM Device 04ea (rev 01)
0030:00:00.0 PCI bridge: IBM POWER9 Host Bridge (PHB4)
0033:00:00.0 PCI bridge: IBM POWER9 Host Bridge (PHB4)
0033:01:00.0 Infiniband controller: Mellanox Technologies MT28800 Family [ConnectX-5 Ex]
0033:01:00.1 Infiniband controller: Mellanox Technologies MT28800 Family [ConnectX-5 Ex]
0034:00:00.0 PCI bridge: IBM POWER9 Host Bridge (PHB4)
0035:00:00.0 PCI bridge: IBM POWER9 Host Bridge (PHB4)
0035:01:00.0 PCI bridge: PLX Technology, Inc. Device 8725 (rev ca)
0035:02:04.0 PCI bridge: PLX Technology, Inc. Device 8725 (rev ca)
0035:02:05.0 PCI bridge: PLX Technology, Inc. Device 8725 (rev ca)
0035:02:0d.0 PCI bridge: PLX Technology, Inc. Device 8725 (rev ca)
0035:03:00.0 3D controller: NVIDIA Corporation GV100GL [Tesla V100 SXM2 16GB] (rev a1)
0035:04:00.0 3D controller: NVIDIA Corporation GV100GL [Tesla V100 SXM2 16GB] (rev a1)
0035:05:00.0 3D controller: NVIDIA Corporation GV100GL [Tesla V100 SXM2 16GB] (rev a1)
