2020-03-11 07:28:47,480:INFO:starting savanna job PID:28753
2020-03-11 07:28:47,486:DEBUG:adding pipeline run-0.iteration-0 to run queue
2020-03-11 07:28:47,487:DEBUG:adding pipeline run-0.iteration-1 to run queue
2020-03-11 07:28:47,487:DEBUG:starting pipeline run-0.iteration-0, free nodes 160 -> 0
2020-03-11 07:28:47,487:DEBUG:pipeline run-0.iteration-0 allocated nodes ['1', '2', '3', '4', '5', '6', '7', '8', '9', '10', '11', '12', '13', '14', '15', '16', '17', '18', '19', '20', '21', '22', '23', '24', '25', '26', '27', '28', '29', '30', '31', '32', '33', '34', '35', '36', '37', '38', '39', '40', '41', '42', '43', '44', '45', '46', '47', '48', '49', '50', '51', '52', '53', '54', '55', '56', '57', '58', '59', '60', '61', '62', '63', '64', '65', '66', '67', '68', '69', '70', '71', '72', '73', '74', '75', '76', '77', '78', '79', '80', '81', '82', '83', '84', '85', '86', '87', '88', '89', '90', '91', '92', '93', '94', '95', '96', '97', '98', '99', '100', '101', '102', '103', '104', '105', '106', '107', '108', '109', '110', '111', '112', '113', '114', '115', '116', '117', '118', '119', '120', '121', '122', '123', '124', '125', '126', '127', '128', '129', '130', '131', '132', '133', '134', '135', '136', '137', '138', '139', '140', '141', '142', '143', '144', '145', '146', '147', '148', '149', '150', '151', '152', '153', '154', '155', '156', '157', '158', '159', '160']
2020-03-11 07:28:47,488:DEBUG:adding pipeline run-0.iteration-2 to run queue
2020-03-11 07:28:47,490:DEBUG:Pipeline run-0.iteration-0 launching run components
2020-03-11 07:28:47,526:DEBUG:run-0.iteration-0:forward LD_LIBRARY_PATH=/sw/summit/cuda/9.2.148/lib64:/autofs/nccs-svm1_sw/summit/.swci/1-compute/opt/spack/20180914/linux-rhel7-ppc64le/xl-16.1.1-5/hdf5-1.8.18-yj4rsgqodbxtmshbt5e2iakbyuyjxelt/lib:/sw/summit/cuda/9.2.148/lib64:/autofs/nccs-svm1_sw/summit/.swci/1-compute/opt/spack/20180914/linux-rhel7-ppc64le/xl-16.1.1-5/spectrum-mpi-10.3.1.2-20200121-p6nrnt6vtvkn356wqg6f74n6jspnpjd2/lib:/sw/summit/xl/16.1.1-5/xlsmp/5.1.1/lib:/sw/summit/xl/16.1.1-5/xlmass/9.1.1/lib:/sw/summit/xl/16.1.1-5/xlC/16.1.1/lib:/sw/summit/xl/16.1.1-5/xlf/16.1.1/lib:/sw/summit/xl/16.1.1-5/lib:/opt/ibm/spectrumcomputing/lsf/10.1.0.9/linux3.10-glibc2.17-ppc64le-csm/lib
2020-03-11 07:28:47,529:INFO:run-0.iteration-0:forward start pid=28758 pgid=28758 args=['jsrun', '--erf_input', '/gpfs/alpine/proj-shared/csc143/kmehta/specfem3d_globe/cheetah-campaign/kmehta/256-10-simul-runs-6GBpn/run-0.iteration-0/forward.erf_input']
2020-03-11 07:33:45,194:DEBUG:run-0.iteration-0:forward _pgroup_wait max delay 120
2020-03-11 07:33:45,194:INFO:run-0.iteration-0:forward done 28758 0
2020-03-11 07:33:45,234:DEBUG:run-0.iteration-0:forward _run_callbacks
2020-03-11 07:33:45,234:DEBUG:run-0.iteration-0 _execute_done_callbacks
2020-03-11 07:33:57,442:DEBUG:finished pipeline run-0.iteration-0, free nodes 0 -> 160
2020-03-11 07:33:57,442:DEBUG:starting pipeline run-0.iteration-2, free nodes 160 -> 0
2020-03-11 07:33:57,443:DEBUG:pipeline run-0.iteration-2 allocated nodes ['1', '2', '3', '4', '5', '6', '7', '8', '9', '10', '11', '12', '13', '14', '15', '16', '17', '18', '19', '20', '21', '22', '23', '24', '25', '26', '27', '28', '29', '30', '31', '32', '33', '34', '35', '36', '37', '38', '39', '40', '41', '42', '43', '44', '45', '46', '47', '48', '49', '50', '51', '52', '53', '54', '55', '56', '57', '58', '59', '60', '61', '62', '63', '64', '65', '66', '67', '68', '69', '70', '71', '72', '73', '74', '75', '76', '77', '78', '79', '80', '81', '82', '83', '84', '85', '86', '87', '88', '89', '90', '91', '92', '93', '94', '95', '96', '97', '98', '99', '100', '101', '102', '103', '104', '105', '106', '107', '108', '109', '110', '111', '112', '113', '114', '115', '116', '117', '118', '119', '120', '121', '122', '123', '124', '125', '126', '127', '128', '129', '130', '131', '132', '133', '134', '135', '136', '137', '138', '139', '140', '141', '142', '143', '144', '145', '146', '147', '148', '149', '150', '151', '152', '153', '154', '155', '156', '157', '158', '159', '160']
2020-03-11 07:33:57,468:DEBUG:Pipeline run-0.iteration-2 launching run components
2020-03-11 07:33:57,526:DEBUG:run-0.iteration-2:forward LD_LIBRARY_PATH=/sw/summit/cuda/9.2.148/lib64:/autofs/nccs-svm1_sw/summit/.swci/1-compute/opt/spack/20180914/linux-rhel7-ppc64le/xl-16.1.1-5/hdf5-1.8.18-yj4rsgqodbxtmshbt5e2iakbyuyjxelt/lib:/sw/summit/cuda/9.2.148/lib64:/autofs/nccs-svm1_sw/summit/.swci/1-compute/opt/spack/20180914/linux-rhel7-ppc64le/xl-16.1.1-5/spectrum-mpi-10.3.1.2-20200121-p6nrnt6vtvkn356wqg6f74n6jspnpjd2/lib:/sw/summit/xl/16.1.1-5/xlsmp/5.1.1/lib:/sw/summit/xl/16.1.1-5/xlmass/9.1.1/lib:/sw/summit/xl/16.1.1-5/xlC/16.1.1/lib:/sw/summit/xl/16.1.1-5/xlf/16.1.1/lib:/sw/summit/xl/16.1.1-5/lib:/opt/ibm/spectrumcomputing/lsf/10.1.0.9/linux3.10-glibc2.17-ppc64le-csm/lib
2020-03-11 07:33:57,529:INFO:run-0.iteration-2:forward start pid=32474 pgid=32474 args=['jsrun', '--erf_input', '/gpfs/alpine/proj-shared/csc143/kmehta/specfem3d_globe/cheetah-campaign/kmehta/256-10-simul-runs-6GBpn/run-0.iteration-2/forward.erf_input']
2020-03-11 07:38:42,284:DEBUG:run-0.iteration-2:forward _pgroup_wait max delay 120
2020-03-11 07:38:42,284:INFO:run-0.iteration-2:forward done 32474 0
2020-03-11 07:38:42,301:DEBUG:run-0.iteration-2:forward _run_callbacks
2020-03-11 07:38:42,301:DEBUG:run-0.iteration-2 _execute_done_callbacks
2020-03-11 07:38:50,965:DEBUG:finished pipeline run-0.iteration-2, free nodes 0 -> 160
2020-03-11 07:38:50,965:DEBUG:starting pipeline run-0.iteration-1, free nodes 160 -> 0
2020-03-11 07:38:50,966:DEBUG:pipeline run-0.iteration-1 allocated nodes ['1', '2', '3', '4', '5', '6', '7', '8', '9', '10', '11', '12', '13', '14', '15', '16', '17', '18', '19', '20', '21', '22', '23', '24', '25', '26', '27', '28', '29', '30', '31', '32', '33', '34', '35', '36', '37', '38', '39', '40', '41', '42', '43', '44', '45', '46', '47', '48', '49', '50', '51', '52', '53', '54', '55', '56', '57', '58', '59', '60', '61', '62', '63', '64', '65', '66', '67', '68', '69', '70', '71', '72', '73', '74', '75', '76', '77', '78', '79', '80', '81', '82', '83', '84', '85', '86', '87', '88', '89', '90', '91', '92', '93', '94', '95', '96', '97', '98', '99', '100', '101', '102', '103', '104', '105', '106', '107', '108', '109', '110', '111', '112', '113', '114', '115', '116', '117', '118', '119', '120', '121', '122', '123', '124', '125', '126', '127', '128', '129', '130', '131', '132', '133', '134', '135', '136', '137', '138', '139', '140', '141', '142', '143', '144', '145', '146', '147', '148', '149', '150', '151', '152', '153', '154', '155', '156', '157', '158', '159', '160']
2020-03-11 07:38:50,969:DEBUG:Pipeline run-0.iteration-1 launching run components
2020-03-11 07:38:51,002:DEBUG:run-0.iteration-1:forward LD_LIBRARY_PATH=/sw/summit/cuda/9.2.148/lib64:/autofs/nccs-svm1_sw/summit/.swci/1-compute/opt/spack/20180914/linux-rhel7-ppc64le/xl-16.1.1-5/hdf5-1.8.18-yj4rsgqodbxtmshbt5e2iakbyuyjxelt/lib:/sw/summit/cuda/9.2.148/lib64:/autofs/nccs-svm1_sw/summit/.swci/1-compute/opt/spack/20180914/linux-rhel7-ppc64le/xl-16.1.1-5/spectrum-mpi-10.3.1.2-20200121-p6nrnt6vtvkn356wqg6f74n6jspnpjd2/lib:/sw/summit/xl/16.1.1-5/xlsmp/5.1.1/lib:/sw/summit/xl/16.1.1-5/xlmass/9.1.1/lib:/sw/summit/xl/16.1.1-5/xlC/16.1.1/lib:/sw/summit/xl/16.1.1-5/xlf/16.1.1/lib:/sw/summit/xl/16.1.1-5/lib:/opt/ibm/spectrumcomputing/lsf/10.1.0.9/linux3.10-glibc2.17-ppc64le-csm/lib
2020-03-11 07:38:51,005:INFO:run-0.iteration-1:forward start pid=33033 pgid=33033 args=['jsrun', '--erf_input', '/gpfs/alpine/proj-shared/csc143/kmehta/specfem3d_globe/cheetah-campaign/kmehta/256-10-simul-runs-6GBpn/run-0.iteration-1/forward.erf_input']
2020-03-11 07:43:36,595:DEBUG:run-0.iteration-1:forward _pgroup_wait max delay 120
2020-03-11 07:43:36,595:INFO:run-0.iteration-1:forward done 33033 0
2020-03-11 07:43:36,605:DEBUG:run-0.iteration-1:forward _run_callbacks
2020-03-11 07:43:36,605:DEBUG:run-0.iteration-1 _execute_done_callbacks
2020-03-11 07:43:47,038:DEBUG:finished pipeline run-0.iteration-1, free nodes 0 -> 160
