2020-03-11 07:45:05,464:INFO:starting savanna job PID:37044
2020-03-11 07:45:05,504:DEBUG:adding pipeline run-0.iteration-0 to run queue
2020-03-11 07:45:05,505:DEBUG:adding pipeline run-0.iteration-1 to run queue
2020-03-11 07:45:05,505:DEBUG:starting pipeline run-0.iteration-0, free nodes 160 -> 0
2020-03-11 07:45:05,506:DEBUG:pipeline run-0.iteration-0 allocated nodes ['1', '2', '3', '4', '5', '6', '7', '8', '9', '10', '11', '12', '13', '14', '15', '16', '17', '18', '19', '20', '21', '22', '23', '24', '25', '26', '27', '28', '29', '30', '31', '32', '33', '34', '35', '36', '37', '38', '39', '40', '41', '42', '43', '44', '45', '46', '47', '48', '49', '50', '51', '52', '53', '54', '55', '56', '57', '58', '59', '60', '61', '62', '63', '64', '65', '66', '67', '68', '69', '70', '71', '72', '73', '74', '75', '76', '77', '78', '79', '80', '81', '82', '83', '84', '85', '86', '87', '88', '89', '90', '91', '92', '93', '94', '95', '96', '97', '98', '99', '100', '101', '102', '103', '104', '105', '106', '107', '108', '109', '110', '111', '112', '113', '114', '115', '116', '117', '118', '119', '120', '121', '122', '123', '124', '125', '126', '127', '128', '129', '130', '131', '132', '133', '134', '135', '136', '137', '138', '139', '140', '141', '142', '143', '144', '145', '146', '147', '148', '149', '150', '151', '152', '153', '154', '155', '156', '157', '158', '159', '160']
2020-03-11 07:45:05,506:DEBUG:adding pipeline run-0.iteration-2 to run queue
2020-03-11 07:45:05,508:DEBUG:Pipeline run-0.iteration-0 launching run components
2020-03-11 07:45:05,542:DEBUG:run-0.iteration-0:forward LD_LIBRARY_PATH=/sw/summit/cuda/9.2.148/lib64:/autofs/nccs-svm1_sw/summit/.swci/1-compute/opt/spack/20180914/linux-rhel7-ppc64le/xl-16.1.1-5/hdf5-1.8.18-yj4rsgqodbxtmshbt5e2iakbyuyjxelt/lib:/sw/summit/cuda/9.2.148/lib64:/autofs/nccs-svm1_sw/summit/.swci/1-compute/opt/spack/20180914/linux-rhel7-ppc64le/xl-16.1.1-5/spectrum-mpi-10.3.1.2-20200121-p6nrnt6vtvkn356wqg6f74n6jspnpjd2/lib:/sw/summit/xl/16.1.1-5/xlsmp/5.1.1/lib:/sw/summit/xl/16.1.1-5/xlmass/9.1.1/lib:/sw/summit/xl/16.1.1-5/xlC/16.1.1/lib:/sw/summit/xl/16.1.1-5/xlf/16.1.1/lib:/sw/summit/xl/16.1.1-5/lib:/opt/ibm/spectrumcomputing/lsf/10.1.0.9/linux3.10-glibc2.17-ppc64le-csm/lib
2020-03-11 07:45:05,545:INFO:run-0.iteration-0:forward start pid=37049 pgid=37049 args=['jsrun', '--erf_input', '/gpfs/alpine/proj-shared/csc143/kmehta/specfem3d_globe/cheetah-campaign/kmehta/256-10-simul-runs-6GBpn-128substreams/run-0.iteration-0/forward.erf_input']
2020-03-11 07:50:03,259:DEBUG:run-0.iteration-0:forward _pgroup_wait max delay 120
2020-03-11 07:50:03,259:INFO:run-0.iteration-0:forward done 37049 0
2020-03-11 07:50:03,299:DEBUG:run-0.iteration-0:forward _run_callbacks
2020-03-11 07:50:03,300:DEBUG:run-0.iteration-0 _execute_done_callbacks
2020-03-11 07:50:09,446:DEBUG:finished pipeline run-0.iteration-0, free nodes 0 -> 160
2020-03-11 07:50:09,446:DEBUG:starting pipeline run-0.iteration-2, free nodes 160 -> 0
2020-03-11 07:50:09,447:DEBUG:pipeline run-0.iteration-2 allocated nodes ['1', '2', '3', '4', '5', '6', '7', '8', '9', '10', '11', '12', '13', '14', '15', '16', '17', '18', '19', '20', '21', '22', '23', '24', '25', '26', '27', '28', '29', '30', '31', '32', '33', '34', '35', '36', '37', '38', '39', '40', '41', '42', '43', '44', '45', '46', '47', '48', '49', '50', '51', '52', '53', '54', '55', '56', '57', '58', '59', '60', '61', '62', '63', '64', '65', '66', '67', '68', '69', '70', '71', '72', '73', '74', '75', '76', '77', '78', '79', '80', '81', '82', '83', '84', '85', '86', '87', '88', '89', '90', '91', '92', '93', '94', '95', '96', '97', '98', '99', '100', '101', '102', '103', '104', '105', '106', '107', '108', '109', '110', '111', '112', '113', '114', '115', '116', '117', '118', '119', '120', '121', '122', '123', '124', '125', '126', '127', '128', '129', '130', '131', '132', '133', '134', '135', '136', '137', '138', '139', '140', '141', '142', '143', '144', '145', '146', '147', '148', '149', '150', '151', '152', '153', '154', '155', '156', '157', '158', '159', '160']
2020-03-11 07:50:09,450:DEBUG:Pipeline run-0.iteration-2 launching run components
2020-03-11 07:50:09,508:DEBUG:run-0.iteration-2:forward LD_LIBRARY_PATH=/sw/summit/cuda/9.2.148/lib64:/autofs/nccs-svm1_sw/summit/.swci/1-compute/opt/spack/20180914/linux-rhel7-ppc64le/xl-16.1.1-5/hdf5-1.8.18-yj4rsgqodbxtmshbt5e2iakbyuyjxelt/lib:/sw/summit/cuda/9.2.148/lib64:/autofs/nccs-svm1_sw/summit/.swci/1-compute/opt/spack/20180914/linux-rhel7-ppc64le/xl-16.1.1-5/spectrum-mpi-10.3.1.2-20200121-p6nrnt6vtvkn356wqg6f74n6jspnpjd2/lib:/sw/summit/xl/16.1.1-5/xlsmp/5.1.1/lib:/sw/summit/xl/16.1.1-5/xlmass/9.1.1/lib:/sw/summit/xl/16.1.1-5/xlC/16.1.1/lib:/sw/summit/xl/16.1.1-5/xlf/16.1.1/lib:/sw/summit/xl/16.1.1-5/lib:/opt/ibm/spectrumcomputing/lsf/10.1.0.9/linux3.10-glibc2.17-ppc64le-csm/lib
2020-03-11 07:50:09,513:INFO:run-0.iteration-2:forward start pid=38979 pgid=38979 args=['jsrun', '--erf_input', '/gpfs/alpine/proj-shared/csc143/kmehta/specfem3d_globe/cheetah-campaign/kmehta/256-10-simul-runs-6GBpn-128substreams/run-0.iteration-2/forward.erf_input']
2020-03-11 07:55:07,231:DEBUG:run-0.iteration-2:forward _pgroup_wait max delay 120
2020-03-11 07:55:07,231:INFO:run-0.iteration-2:forward done 38979 0
2020-03-11 07:55:07,266:DEBUG:run-0.iteration-2:forward _run_callbacks
2020-03-11 07:55:07,266:DEBUG:run-0.iteration-2 _execute_done_callbacks
2020-03-11 07:55:13,996:DEBUG:finished pipeline run-0.iteration-2, free nodes 0 -> 160
2020-03-11 07:55:13,996:DEBUG:starting pipeline run-0.iteration-1, free nodes 160 -> 0
2020-03-11 07:55:13,997:DEBUG:pipeline run-0.iteration-1 allocated nodes ['1', '2', '3', '4', '5', '6', '7', '8', '9', '10', '11', '12', '13', '14', '15', '16', '17', '18', '19', '20', '21', '22', '23', '24', '25', '26', '27', '28', '29', '30', '31', '32', '33', '34', '35', '36', '37', '38', '39', '40', '41', '42', '43', '44', '45', '46', '47', '48', '49', '50', '51', '52', '53', '54', '55', '56', '57', '58', '59', '60', '61', '62', '63', '64', '65', '66', '67', '68', '69', '70', '71', '72', '73', '74', '75', '76', '77', '78', '79', '80', '81', '82', '83', '84', '85', '86', '87', '88', '89', '90', '91', '92', '93', '94', '95', '96', '97', '98', '99', '100', '101', '102', '103', '104', '105', '106', '107', '108', '109', '110', '111', '112', '113', '114', '115', '116', '117', '118', '119', '120', '121', '122', '123', '124', '125', '126', '127', '128', '129', '130', '131', '132', '133', '134', '135', '136', '137', '138', '139', '140', '141', '142', '143', '144', '145', '146', '147', '148', '149', '150', '151', '152', '153', '154', '155', '156', '157', '158', '159', '160']
2020-03-11 07:55:13,999:DEBUG:Pipeline run-0.iteration-1 launching run components
2020-03-11 07:55:14,048:DEBUG:run-0.iteration-1:forward LD_LIBRARY_PATH=/sw/summit/cuda/9.2.148/lib64:/autofs/nccs-svm1_sw/summit/.swci/1-compute/opt/spack/20180914/linux-rhel7-ppc64le/xl-16.1.1-5/hdf5-1.8.18-yj4rsgqodbxtmshbt5e2iakbyuyjxelt/lib:/sw/summit/cuda/9.2.148/lib64:/autofs/nccs-svm1_sw/summit/.swci/1-compute/opt/spack/20180914/linux-rhel7-ppc64le/xl-16.1.1-5/spectrum-mpi-10.3.1.2-20200121-p6nrnt6vtvkn356wqg6f74n6jspnpjd2/lib:/sw/summit/xl/16.1.1-5/xlsmp/5.1.1/lib:/sw/summit/xl/16.1.1-5/xlmass/9.1.1/lib:/sw/summit/xl/16.1.1-5/xlC/16.1.1/lib:/sw/summit/xl/16.1.1-5/xlf/16.1.1/lib:/sw/summit/xl/16.1.1-5/lib:/opt/ibm/spectrumcomputing/lsf/10.1.0.9/linux3.10-glibc2.17-ppc64le-csm/lib
2020-03-11 07:55:14,051:INFO:run-0.iteration-1:forward start pid=40571 pgid=40571 args=['jsrun', '--erf_input', '/gpfs/alpine/proj-shared/csc143/kmehta/specfem3d_globe/cheetah-campaign/kmehta/256-10-simul-runs-6GBpn-128substreams/run-0.iteration-1/forward.erf_input']
2020-03-11 08:00:12,972:DEBUG:run-0.iteration-1:forward _pgroup_wait max delay 120
2020-03-11 08:00:12,972:INFO:run-0.iteration-1:forward done 40571 0
2020-03-11 08:00:12,989:DEBUG:run-0.iteration-1:forward _run_callbacks
2020-03-11 08:00:12,989:DEBUG:run-0.iteration-1 _execute_done_callbacks
2020-03-11 08:00:18,819:DEBUG:finished pipeline run-0.iteration-1, free nodes 0 -> 160
